INFO  [alembic.runtime.migration] Context impl PostgresqlImpl.
INFO  [alembic.runtime.migration] Context impl PostgresqlImpl.
INFO  [alembic.runtime.migration] Will assume transactional DDL.
INFO  [alembic.runtime.migration] Will assume transactional DDL.
INFO  [alembic.autogenerate.compare] Detected added table 'bots'
INFO  [alembic.autogenerate.compare] Detected added table 'bots'
INFO  [alembic.autogenerate.compare] Detected added index ''ix_bots_id'' on '('id',)'
INFO  [alembic.autogenerate.compare] Detected added index ''ix_bots_id'' on '('id',)'
INFO  [alembic.autogenerate.compare] Detected added index ''ix_bots_user_id'' on '('user_id',)'
INFO  [alembic.autogenerate.compare] Detected added index ''ix_bots_user_id'' on '('user_id',)'
INFO  [alembic.autogenerate.compare] Detected added table 'metadata'
INFO  [alembic.autogenerate.compare] Detected added table 'metadata'
INFO  [alembic.autogenerate.compare] Detected added index ''ix_metadata_bot_id'' on '('bot_id',)'
INFO  [alembic.autogenerate.compare] Detected added index ''ix_metadata_bot_id'' on '('bot_id',)'
INFO  [alembic.autogenerate.compare] Detected added index ''ix_metadata_id'' on '('id',)'
INFO  [alembic.autogenerate.compare] Detected added index ''ix_metadata_id'' on '('id',)'
INFO  [alembic.autogenerate.compare] Detected added index ''ix_metadata_metadata_key'' on '('metadata_key',)'
INFO  [alembic.autogenerate.compare] Detected added index ''ix_metadata_metadata_key'' on '('metadata_key',)'
ERROR [alembic.util.messaging] Can't locate timezone: UTC
ERROR [alembic.util.messaging] Can't locate timezone: UTC
INFO  [alembic.runtime.migration] Context impl PostgresqlImpl.
INFO  [alembic.runtime.migration] Context impl PostgresqlImpl.
INFO  [alembic.runtime.migration] Will assume transactional DDL.
INFO  [alembic.runtime.migration] Will assume transactional DDL.
INFO  [alembic.autogenerate.compare] Detected added table 'bots'
INFO  [alembic.autogenerate.compare] Detected added table 'bots'
INFO  [alembic.autogenerate.compare] Detected added index ''ix_bots_id'' on '('id',)'
INFO  [alembic.autogenerate.compare] Detected added index ''ix_bots_id'' on '('id',)'
INFO  [alembic.autogenerate.compare] Detected added index ''ix_bots_user_id'' on '('user_id',)'
INFO  [alembic.autogenerate.compare] Detected added index ''ix_bots_user_id'' on '('user_id',)'
INFO  [alembic.autogenerate.compare] Detected added table 'metadata'
INFO  [alembic.autogenerate.compare] Detected added table 'metadata'
INFO  [alembic.autogenerate.compare] Detected added index ''ix_metadata_bot_id'' on '('bot_id',)'
INFO  [alembic.autogenerate.compare] Detected added index ''ix_metadata_bot_id'' on '('bot_id',)'
INFO  [alembic.autogenerate.compare] Detected added index ''ix_metadata_id'' on '('id',)'
INFO  [alembic.autogenerate.compare] Detected added index ''ix_metadata_id'' on '('id',)'
INFO  [alembic.autogenerate.compare] Detected added index ''ix_metadata_metadata_key'' on '('metadata_key',)'
INFO  [alembic.autogenerate.compare] Detected added index ''ix_metadata_metadata_key'' on '('metadata_key',)'
INFO  [alembic.runtime.migration] Context impl PostgresqlImpl.
INFO  [alembic.runtime.migration] Context impl PostgresqlImpl.
INFO  [alembic.runtime.migration] Will assume transactional DDL.
INFO  [alembic.runtime.migration] Will assume transactional DDL.
INFO  [alembic.runtime.migration] Running upgrade  -> 80db8a0f880f, Initial migration
INFO  [alembic.runtime.migration] Running upgrade  -> 80db8a0f880f, Initial migration
INFO  [alembic.runtime.migration] Context impl PostgresqlImpl.
INFO  [alembic.runtime.migration] Context impl PostgresqlImpl.
INFO  [alembic.runtime.migration] Will assume transactional DDL.
INFO  [alembic.runtime.migration] Will assume transactional DDL.
INFO  [alembic.ddl.postgresql] Detected sequence named 'metadata_id_seq' as owned by integer column 'metadata(id)', assuming SERIAL and omitting
INFO  [alembic.ddl.postgresql] Detected sequence named 'metadata_id_seq' as owned by integer column 'metadata(id)', assuming SERIAL and omitting
INFO  [alembic.runtime.migration] Context impl PostgresqlImpl.
INFO  [alembic.runtime.migration] Context impl PostgresqlImpl.
INFO  [alembic.runtime.migration] Will assume transactional DDL.
INFO  [alembic.runtime.migration] Will assume transactional DDL.
INFO  [alembic.runtime.migration] Running upgrade 80db8a0f880f -> 53fdc82a0b1f, Initial migration
INFO  [alembic.runtime.migration] Running upgrade 80db8a0f880f -> 53fdc82a0b1f, Initial migration
INFO  [alembic.runtime.migration] Context impl PostgresqlImpl.
INFO  [alembic.runtime.migration] Context impl PostgresqlImpl.
INFO  [alembic.runtime.migration] Will assume transactional DDL.
INFO  [alembic.runtime.migration] Will assume transactional DDL.
INFO  [alembic.ddl.postgresql] Detected sequence named 'metadata_id_seq' as owned by integer column 'metadata(id)', assuming SERIAL and omitting
INFO  [alembic.ddl.postgresql] Detected sequence named 'metadata_id_seq' as owned by integer column 'metadata(id)', assuming SERIAL and omitting
INFO  [alembic.runtime.migration] Context impl PostgresqlImpl.
INFO  [alembic.runtime.migration] Context impl PostgresqlImpl.
INFO  [alembic.runtime.migration] Will assume transactional DDL.
INFO  [alembic.runtime.migration] Will assume transactional DDL.
INFO  [alembic.runtime.migration] Running upgrade 53fdc82a0b1f -> 6abd97d11ba2, Initial migration
INFO  [alembic.runtime.migration] Running upgrade 53fdc82a0b1f -> 6abd97d11ba2, Initial migration
INFO  [alembic.runtime.migration] Context impl PostgresqlImpl.
INFO  [alembic.runtime.migration] Context impl PostgresqlImpl.
INFO  [alembic.runtime.migration] Will assume transactional DDL.
INFO  [alembic.runtime.migration] Will assume transactional DDL.
INFO  [alembic.runtime.migration] Context impl PostgresqlImpl.
INFO  [alembic.runtime.migration] Context impl PostgresqlImpl.
INFO  [alembic.runtime.migration] Will assume transactional DDL.
INFO  [alembic.runtime.migration] Will assume transactional DDL.
